# JRE version: Java(TM) SE Runtime Environment (8.0_40-b26) (build 1.8.0_40-b26)
# Java VM: Java HotSpot(TM) 64-Bit Server VM (25.40-b25 mixed mode windows-amd64 compressed oops)
Heap:
 PSYoungGen      total 443904K, used 47915K [0x000000076af80000, 0x000000078d080000, 0x00000007c0000000)
  eden space 424960K, 8% used [0x000000076af80000,0x000000076d33f020,0x0000000784e80000)
  from space 18944K, 59% used [0x0000000784e80000,0x000000078598bec0,0x0000000786100000)
  to   space 18432K, 0% used [0x000000078be80000,0x000000078be80000,0x000000078d080000)
 ParOldGen       total 202752K, used 36983K [0x00000006c0e00000, 0x00000006cd400000, 0x000000076af80000)
  object space 202752K, 18% used [0x00000006c0e00000,0x00000006c321dfb0,0x00000006cd400000)
 Metaspace       used 65869K, capacity 67220K, committed 67456K, reserved 1107968K
  class space    used 8285K, capacity 8550K, committed 8576K, reserved 1048576K
GC Heap History (10 events):
Event: 13.057 GC heap before
{Heap before GC invocations=10 (full 2):
 PSYoungGen      total 232960K, used 222208K [0x000000076af80000, 0x0000000782580000, 0x00000007c0000000)
  eden space 222208K, 100% used [0x000000076af80000,0x0000000778880000,0x0000000778880000)
  from space 10752K, 0% used [0x0000000778880000,0x0000000778880000,0x0000000779300000)
  to   space 14848K, 0% used [0x0000000781700000,0x0000000781700000,0x0000000782580000)
 ParOldGen       total 147968K, used 24112K [0x00000006c0e00000, 0x00000006c9e80000, 0x000000076af80000)
  object space 147968K, 16% used [0x00000006c0e00000,0x00000006c258c390,0x00000006c9e80000)
 Metaspace       used 48597K, capacity 49170K, committed 49536K, reserved 1093632K
  class space    used 6137K, capacity 6234K, committed 6272K, reserved 1048576K
Event: 13.072 GC heap after
Heap after GC invocations=10 (full 2):
 PSYoungGen      total 346624K, used 14845K [0x000000076af80000, 0x0000000782580000, 0x00000007c0000000)
  eden space 331776K, 0% used [0x000000076af80000,0x000000076af80000,0x000000077f380000)
  from space 14848K, 99% used [0x0000000781700000,0x000000078257f668,0x0000000782580000)
  to   space 16896K, 0% used [0x0000000780480000,0x0000000780480000,0x0000000781500000)
 ParOldGen       total 147968K, used 25467K [0x00000006c0e00000, 0x00000006c9e80000, 0x000000076af80000)
  object space 147968K, 17% used [0x00000006c0e00000,0x00000006c26ded98,0x00000006c9e80000)
 Metaspace       used 48597K, capacity 49170K, committed 49536K, reserved 1093632K
  class space    used 6137K, capacity 6234K, committed 6272K, reserved 1048576K
}
Event: 16.420 GC heap before
{Heap before GC invocations=11 (full 2):
 PSYoungGen      total 346624K, used 346621K [0x000000076af80000, 0x0000000782580000, 0x00000007c0000000)
  eden space 331776K, 100% used [0x000000076af80000,0x000000077f380000,0x000000077f380000)
  from space 14848K, 99% used [0x0000000781700000,0x000000078257f668,0x0000000782580000)
  to   space 16896K, 0% used [0x0000000780480000,0x0000000780480000,0x0000000781500000)
 ParOldGen       total 147968K, used 25467K [0x00000006c0e00000, 0x00000006c9e80000, 0x000000076af80000)
  object space 147968K, 17% used [0x00000006c0e00000,0x00000006c26ded98,0x00000006c9e80000)
 Metaspace       used 55839K, capacity 56556K, committed 56960K, reserved 1099776K
  class space    used 7039K, capacity 7177K, committed 7296K, reserved 1048576K
Event: 16.449 GC heap after
Heap after GC invocations=11 (full 2):
 PSYoungGen      total 366080K, used 16867K [0x000000076af80000, 0x0000000787400000, 0x00000007c0000000)
  eden space 349184K, 0% used [0x000000076af80000,0x000000076af80000,0x0000000780480000)
  from space 16896K, 99% used [0x0000000780480000,0x00000007814f8cf8,0x0000000781500000)
  to   space 19456K, 0% used [0x0000000786100000,0x0000000786100000,0x0000000787400000)
 ParOldGen       total 147968K, used 27890K [0x00000006c0e00000, 0x00000006c9e80000, 0x000000076af80000)
  object space 147968K, 18% used [0x00000006c0e00000,0x00000006c293c890,0x00000006c9e80000)
 Metaspace       used 55839K, capacity 56556K, committed 56960K, reserved 1099776K
  class space    used 7039K, capacity 7177K, committed 7296K, reserved 1048576K
}
Event: 17.514 GC heap before
{Heap before GC invocations=12 (full 2):
 PSYoungGen      total 366080K, used 140867K [0x000000076af80000, 0x0000000787400000, 0x00000007c0000000)
  eden space 349184K, 35% used [0x000000076af80000,0x00000007728981b8,0x0000000780480000)
  from space 16896K, 99% used [0x0000000780480000,0x00000007814f8cf8,0x0000000781500000)
  to   space 19456K, 0% used [0x0000000786100000,0x0000000786100000,0x0000000787400000)
 ParOldGen       total 147968K, used 27890K [0x00000006c0e00000, 0x00000006c9e80000, 0x000000076af80000)
  object space 147968K, 18% used [0x00000006c0e00000,0x00000006c293c890,0x00000006c9e80000)
 Metaspace       used 58117K, capacity 58832K, committed 59096K, reserved 1101824K
  class space    used 7350K, capacity 7503K, committed 7552K, reserved 1048576K
Event: 17.533 GC heap after
Heap after GC invocations=12 (full 2):
 PSYoungGen      total 444416K, used 12463K [0x000000076af80000, 0x0000000788c00000, 0x00000007c0000000)
  eden space 424960K, 0% used [0x000000076af80000,0x000000076af80000,0x0000000784e80000)
  from space 19456K, 64% used [0x0000000786100000,0x0000000786d2be90,0x0000000787400000)
  to   space 18944K, 0% used [0x0000000784e80000,0x0000000784e80000,0x0000000786100000)
 ParOldGen       total 147968K, used 33420K [0x00000006c0e00000, 0x00000006c9e80000, 0x000000076af80000)
  object space 147968K, 22% used [0x00000006c0e00000,0x00000006c2ea3098,0x00000006c9e80000)
 Metaspace       used 58117K, capacity 58832K, committed 59096K, reserved 1101824K
  class space    used 7350K, capacity 7503K, committed 7552K, reserved 1048576K
}
Event: 17.533 GC heap before
{Heap before GC invocations=13 (full 3):
 PSYoungGen      total 444416K, used 12463K [0x000000076af80000, 0x0000000788c00000, 0x00000007c0000000)
  eden space 424960K, 0% used [0x000000076af80000,0x000000076af80000,0x0000000784e80000)
  from space 19456K, 64% used [0x0000000786100000,0x0000000786d2be90,0x0000000787400000)
  to   space 18944K, 0% used [0x0000000784e80000,0x0000000784e80000,0x0000000786100000)
 ParOldGen       total 147968K, used 33420K [0x00000006c0e00000, 0x00000006c9e80000, 0x000000076af80000)
  object space 147968K, 22% used [0x00000006c0e00000,0x00000006c2ea3098,0x00000006c9e80000)
 Metaspace       used 58117K, capacity 58832K, committed 59096K, reserved 1101824K
  class space    used 7350K, capacity 7503K, committed 7552K, reserved 1048576K
Event: 17.702 GC heap after
Heap after GC invocations=13 (full 3):
 PSYoungGen      total 444416K, used 0K [0x000000076af80000, 0x0000000788c00000, 0x00000007c0000000)
  eden space 424960K, 0% used [0x000000076af80000,0x000000076af80000,0x0000000784e80000)
  from space 19456K, 0% used [0x0000000786100000,0x0000000786100000,0x0000000787400000)
  to   space 18944K, 0% used [0x0000000784e80000,0x0000000784e80000,0x0000000786100000)
 ParOldGen       total 202752K, used 36983K [0x00000006c0e00000, 0x00000006cd400000, 0x000000076af80000)
  object space 202752K, 18% used [0x00000006c0e00000,0x00000006c321dfb0,0x00000006cd400000)
 Metaspace       used 58117K, capacity 58832K, committed 59096K, reserved 1101824K
  class space    used 7350K, capacity 7503K, committed 7552K, reserved 1048576K
}
Event: 329.648 GC heap before
{Heap before GC invocations=14 (full 3):
 PSYoungGen      total 444416K, used 424960K [0x000000076af80000, 0x0000000788c00000, 0x00000007c0000000)
  eden space 424960K, 100% used [0x000000076af80000,0x0000000784e80000,0x0000000784e80000)
  from space 19456K, 0% used [0x0000000786100000,0x0000000786100000,0x0000000787400000)
  to   space 18944K, 0% used [0x0000000784e80000,0x0000000784e80000,0x0000000786100000)
 ParOldGen       total 202752K, used 36983K [0x00000006c0e00000, 0x00000006cd400000, 0x000000076af80000)
  object space 202752K, 18% used [0x00000006c0e00000,0x00000006c321dfb0,0x00000006cd400000)
 Metaspace       used 65728K, capacity 66962K, committed 67200K, reserved 1107968K
  class space    used 8271K, capacity 8527K, committed 8576K, reserved 1048576K
Event: 329.663 GC heap after
Heap after GC invocations=14 (full 3):
 PSYoungGen      total 443904K, used 11311K [0x000000076af80000, 0x000000078d080000, 0x00000007c0000000)
  eden space 424960K, 0% used [0x000000076af80000,0x000000076af80000,0x0000000784e80000)
  from space 18944K, 59% used [0x0000000784e80000,0x000000078598bec0,0x0000000786100000)
  to   space 18432K, 0% used [0x000000078be80000,0x000000078be80000,0x000000078d080000)
 ParOldGen       total 202752K, used 36983K [0x00000006c0e00000, 0x00000006cd400000, 0x000000076af80000)
  object space 202752K, 18% used [0x00000006c0e00000,0x00000006c321dfb0,0x00000006cd400000)
 Metaspace       used 65728K, capacity 66962K, committed 67200K, reserved 1107968K
  class space    used 8271K, capacity 8527K, committed 8576K, reserved 1048576K
}

